<?xml version="1.0" encoding="utf-8"?><testsuites name="pytest tests"><testsuite name="pytest" errors="0" failures="0" skipped="0" tests="17" time="10.667" timestamp="2026-02-21T11:44:05.117549+00:00" hostname="agent-env-f960fd78-b23b-4a79-a452-0f7ca5d36a5c"><testcase classname="backend.tests.test_auth_admin.TestAuthLogin" name="test_login_success" time="0.966" /><testcase classname="backend.tests.test_auth_admin.TestAuthLogin" name="test_login_wrong_password" time="0.679" /><testcase classname="backend.tests.test_auth_admin.TestAuthLogin" name="test_login_wrong_username" time="0.280" /><testcase classname="backend.tests.test_auth_admin.TestAuthLogin" name="test_login_empty_credentials" time="0.157" /><testcase classname="backend.tests.test_auth_admin.TestTokenVerification" name="test_verify_valid_token" time="1.481" /><testcase classname="backend.tests.test_auth_admin.TestTokenVerification" name="test_verify_invalid_token" time="0.203" /><testcase classname="backend.tests.test_auth_admin.TestTokenVerification" name="test_verify_no_token" time="0.235" /><testcase classname="backend.tests.test_auth_admin.TestProtectedRoutes" name="test_orders_endpoint_requires_auth" time="0.303" /><testcase classname="backend.tests.test_auth_admin.TestProtectedRoutes" name="test_orders_endpoint_with_auth" time="1.452" /><testcase classname="backend.tests.test_auth_admin.TestProtectedRoutes" name="test_create_product_requires_auth" time="0.407" /><testcase classname="backend.tests.test_auth_admin.TestProtectedRoutes" name="test_create_product_with_auth" time="1.535" /><testcase classname="backend.tests.test_auth_admin.TestPublicEndpoints" name="test_products_public" time="0.221" /><testcase classname="backend.tests.test_auth_admin.TestPublicEndpoints" name="test_testimonials_public" time="0.394" /><testcase classname="backend.tests.test_auth_admin.TestPublicEndpoints" name="test_config_public" time="0.314" /><testcase classname="backend.tests.test_auth_admin.TestOrderStatusUpdate" name="test_update_order_status_requires_auth" time="0.210" /><testcase classname="backend.tests.test_auth_admin.TestOrderStatusUpdate" name="test_get_orders_and_verify_structure" time="1.152" /><testcase classname="backend.tests.test_auth_admin.TestLogout" name="test_logout_endpoint" time="0.174" /></testsuite></testsuites>